This is pdfTeXk, Version 3.1415926-1.40.9 (Web2C 7.5.7) (format=pdflatex 2008.8.22)  13 FEB 2013 09:04
entering extended mode
 %&-line parsing enabled.
**Phd_proposal3_catherine.tex
(./Phd_proposal3_catherine.tex
LaTeX2e <2005/12/01>
Babel <v3.8l> and hyphenation patterns for english, usenglishmax, dumylang, noh
yphenation, german-x-2008-06-18, ngerman-x-2008-06-18, ancientgreek, ibycus, ar
abic, basque, bulgarian, catalan, pinyin, coptic, croatian, czech, danish, dutc
h, esperanto, estonian, farsi, finnish, french, galician, german, ngerman, mono
greek, greek, hungarian, icelandic, indonesian, interlingua, irish, italian, la
tin, mongolian, mongolian2a, bokmal, nynorsk, polish, portuguese, romanian, rus
sian, sanskrit, serbian, slovak, slovenian, spanish, swedish, turkish, ukenglis
h, ukrainian, uppersorbian, welsh, loaded.
(/usr/local/texlive/2008/texmf-dist/tex/latex/base/report.cls
Document Class: report 2005/09/16 v1.4f Standard LaTeX document class
(/usr/local/texlive/2008/texmf-dist/tex/latex/base/size12.clo
File: size12.clo 2005/09/16 v1.4f Standard LaTeX file (size option)
)
\c@part=\count79
\c@chapter=\count80
\c@section=\count81
\c@subsection=\count82
\c@subsubsection=\count83
\c@paragraph=\count84
\c@subparagraph=\count85
\c@figure=\count86
\c@table=\count87
\abovecaptionskip=\skip41
\belowcaptionskip=\skip42
\bibindent=\dimen102
)
(/usr/local/texlive/2008/texmf-dist/tex/latex/preprint/fullpage.sty
Package: fullpage 1999/02/23 1.1 (PWD)
\FP@margin=\skip43
)
(/usr/local/texlive/2008/texmf-dist/tex/latex/ltxmisc/url.sty
\Urlmuskip=\muskip10
Package: url 2006/04/12  ver 3.3  Verb mode for urls, etc.
)
(/usr/local/texlive/2008/texmf-dist/tex/latex/base/makeidx.sty
Package: makeidx 2000/03/29 v1.0m Standard LaTeX package
)
\@indexfile=\write3
\openout3 = `Phd_proposal3_catherine.idx'.


Writing index file Phd_proposal3_catherine.idx

! LaTeX Error: File `rac.sty' not found.

Type X to quit or <RETURN> to proceed,
or enter new name. (Default extension: sty)

Enter file name: 
(/usr/local/texlive/2008/texmf-dist/tex/latex/base/bezier.sty)
(/usr/local/texlive/2008/texmf-dist/tex/latex/amsmath/amsmath.sty
Package: amsmath 2000/07/18 v2.13 AMS math features
\@mathmargin=\skip44

For additional information on amsmath, use the `?' option.
(/usr/local/texlive/2008/texmf-dist/tex/latex/amsmath/amstext.sty
Package: amstext 2000/06/29 v2.01

(/usr/local/texlive/2008/texmf-dist/tex/latex/amsmath/amsgen.sty
File: amsgen.sty 1999/11/30 v2.0
\@emptytoks=\toks14
\ex@=\dimen103
))
(/usr/local/texlive/2008/texmf-dist/tex/latex/amsmath/amsbsy.sty
Package: amsbsy 1999/11/29 v1.2d
\pmbraise@=\dimen104
)
(/usr/local/texlive/2008/texmf-dist/tex/latex/amsmath/amsopn.sty
Package: amsopn 1999/12/14 v2.01 operator names
)
\inf@bad=\count88
LaTeX Info: Redefining \frac on input line 211.
\uproot@=\count89
\leftroot@=\count90
LaTeX Info: Redefining \overline on input line 307.
\classnum@=\count91
\DOTSCASE@=\count92
LaTeX Info: Redefining \ldots on input line 379.
LaTeX Info: Redefining \dots on input line 382.
LaTeX Info: Redefining \cdots on input line 467.
\Mathstrutbox@=\box26
\strutbox@=\box27
\big@size=\dimen105
LaTeX Font Info:    Redeclaring font encoding OML on input line 567.
LaTeX Font Info:    Redeclaring font encoding OMS on input line 568.
\macc@depth=\count93
\c@MaxMatrixCols=\count94
\dotsspace@=\muskip11
\c@parentequation=\count95
\dspbrk@lvl=\count96
\tag@help=\toks15
\row@=\count97
\column@=\count98
\maxfields@=\count99
\andhelp@=\toks16
\eqnshift@=\dimen106
\alignsep@=\dimen107
\tagshift@=\dimen108
\tagwidth@=\dimen109
\totwidth@=\dimen110
\lineht@=\dimen111
\@envbody=\toks17
\multlinegap=\skip45
\multlinetaggap=\skip46
\mathdisplay@stack=\toks18
LaTeX Info: Redefining \[ on input line 2666.
LaTeX Info: Redefining \] on input line 2667.
)
(/usr/local/texlive/2008/texmf-dist/tex/latex/amsmath/amsxtra.sty
Package: amsxtra 1999/11/15 v1.2c
LaTeX Info: Redefining \nobreakspace on input line 77.
)
(/usr/local/texlive/2008/texmf-dist/tex/latex/amscls/amsthm.sty
Package: amsthm 2004/08/06 v2.20
\thm@style=\toks19
\thm@bodyfont=\toks20
\thm@headfont=\toks21
\thm@notefont=\toks22
\thm@headpunct=\toks23
\thm@preskip=\skip47
\thm@postskip=\skip48
\thm@headsep=\skip49
\dth@everypar=\toks24
)
(/usr/local/texlive/2008/texmf-dist/tex/latex/amsfonts/amssymb.sty
Package: amssymb 2002/01/22 v2.2d

(/usr/local/texlive/2008/texmf-dist/tex/latex/amsfonts/amsfonts.sty
Package: amsfonts 2001/10/25 v2.2f
\symAMSa=\mathgroup4
\symAMSb=\mathgroup5
LaTeX Font Info:    Overwriting math alphabet `\mathfrak' in version `bold'
(Font)                  U/euf/m/n --> U/euf/b/n on input line 132.
))
(/usr/local/texlive/2008/texmf-dist/tex/latex/graphics/graphicx.sty
Package: graphicx 1999/02/16 v1.0f Enhanced LaTeX Graphics (DPC,SPQR)

(/usr/local/texlive/2008/texmf-dist/tex/latex/graphics/keyval.sty
Package: keyval 1999/03/16 v1.13 key=value parser (DPC)
\KV@toks@=\toks25
)
(/usr/local/texlive/2008/texmf-dist/tex/latex/graphics/graphics.sty
Package: graphics 2006/02/20 v1.0o Standard LaTeX Graphics (DPC,SPQR)

(/usr/local/texlive/2008/texmf-dist/tex/latex/graphics/trig.sty
Package: trig 1999/03/16 v1.09 sin cos tan (DPC)
)
(/usr/local/texlive/2008/texmf/tex/latex/config/graphics.cfg
File: graphics.cfg 2007/01/18 v1.5 graphics configuration of teTeX/TeXLive
)
Package graphics Info: Driver file: pdftex.def on input line 90.

(/usr/local/texlive/2008/texmf-dist/tex/latex/pdftex-def/pdftex.def
File: pdftex.def 2008/07/16 v0.04k Graphics/color for pdfTeX
\Gread@gobject=\count100
))
\Gin@req@height=\dimen112
\Gin@req@width=\dimen113
)
(/usr/local/texlive/2008/texmf-dist/tex/latex/rotating/rotating.sty
Package: rotating 2008/06/06 v2.15b rotated objects in LaTeX

(/usr/local/texlive/2008/texmf-dist/tex/latex/base/ifthen.sty
Package: ifthen 2001/05/26 v1.1c Standard LaTeX ifthen package (DPC)
)
\c@r@tfl@t=\count101
\rotFPtop=\skip50
\rotFPbot=\skip51
\rot@float@box=\box28
\rot@mess@toks=\toks26
)
(/usr/local/texlive/2008/texmf-dist/tex/latex/graphics/color.sty
Package: color 2005/11/14 v1.0j Standard LaTeX Color (DPC)

(/usr/local/texlive/2008/texmf/tex/latex/config/color.cfg
File: color.cfg 2007/01/18 v1.5 color configuration of teTeX/TeXLive
)
Package color Info: Driver file: pdftex.def on input line 130.
)
(/usr/local/texlive/2008/texmf-dist/tex/latex/graphics/epsfig.sty
Package: epsfig 1999/02/16 v1.7a (e)psfig emulation (SPQR)
\epsfxsize=\dimen114
\epsfysize=\dimen115
)
(/usr/local/texlive/2008/texmf-dist/tex/latex/subfigure/subfigure.sty
Package: subfigure 2002/03/15 v2.1.5 subfigure package
\subfigtopskip=\skip52
\subfigcapskip=\skip53
\subfigcaptopadj=\dimen116
\subfigbottomskip=\skip54
\subfigcapmargin=\dimen117
\subfiglabelskip=\skip55
\c@subfigure=\count102
\c@lofdepth=\count103
\c@subtable=\count104
\c@lotdepth=\count105

****************************************
* Local config file subfigure.cfg used *
****************************************
(/usr/local/texlive/2008/texmf-dist/tex/latex/subfigure/subfigure.cfg)
\subfig@top=\skip56
\subfig@bottom=\skip57
)
(/usr/local/texlive/2008/texmf-dist/tex/latex/tools/verbatim.sty
Package: verbatim 2003/08/22 v1.5q LaTeX2e package for verbatim enhancements
\every@verbatim=\toks27
\verbatim@line=\toks28
\verbatim@in@stream=\read1
)
(/usr/local/texlive/2008/texmf-dist/tex/latex/natbib/natbib.sty
Package: natbib 2007/10/30 8.1 (PWD)
\bibhang=\skip58
\bibsep=\skip59
LaTeX Info: Redefining \cite on input line 602.
\c@NAT@ctr=\count106
)
(/usr/local/texlive/2008/texmf-dist/tex/latex/setspace/setspace.sty
Package: setspace 2000/12/01 6.7 Contributed and Supported LaTeX2e package

Package: `setspace' 6.7 <2000/12/01>
)
\c@theorem=\count107

No file Phd_proposal3_catherine.aux.
\openout1 = `Phd_proposal3_catherine.aux'.

LaTeX Font Info:    Checking defaults for OML/cmm/m/it on input line 94.
LaTeX Font Info:    ... okay on input line 94.
LaTeX Font Info:    Checking defaults for T1/cmr/m/n on input line 94.
LaTeX Font Info:    ... okay on input line 94.
LaTeX Font Info:    Checking defaults for OT1/cmr/m/n on input line 94.
LaTeX Font Info:    ... okay on input line 94.
LaTeX Font Info:    Checking defaults for OMS/cmsy/m/n on input line 94.
LaTeX Font Info:    ... okay on input line 94.
LaTeX Font Info:    Checking defaults for OMX/cmex/m/n on input line 94.
LaTeX Font Info:    ... okay on input line 94.
LaTeX Font Info:    Checking defaults for U/cmr/m/n on input line 94.
LaTeX Font Info:    ... okay on input line 94.
(/usr/local/texlive/2008/texmf-dist/tex/context/base/supp-pdf.tex
[Loading MPS to PDF converter (version 2006.09.02).]
\scratchcounter=\count108
\scratchdimen=\dimen118
\scratchbox=\box29
\nofMPsegments=\count109
\nofMParguments=\count110
\everyMPshowfont=\toks29
\MPscratchCnt=\count111
\MPscratchDim=\dimen119
\MPnumerator=\count112
\everyMPtoPDFconversion=\toks30
)
! Undefined control sequence.
l.121 \startthechapters
                       
? 

Package natbib Warning: Citation `population2010' on page 1 undefined on input 
line 125.


Package natbib Warning: Citation `population02' on page 1 undefined on input li
ne 125.

[1

{/usr/local/texlive/2008/texmf-var/fonts/map/pdftex/updmap/pdftex.map}]
Missing character: There is no – in font cmr12!


Package natbib Warning: Citation `Kimberly11' on page 2 undefined on input line
 130.


Package natbib Warning: Citation `Scott04' on page 2 undefined on input line 13
0.


Package natbib Warning: Citation `Rikke10' on page 2 undefined on input line 13
3.


Package natbib Warning: Citation `Kimberly11' on page 2 undefined on input line
 133.


Package natbib Warning: Citation `Rikke10' on page 2 undefined on input line 13
3.

Missing character: There is no “ in font cmr12!
Missing character: There is no ” in font cmr12!

Package natbib Warning: Citation `Scott04' on page 2 undefined on input line 13
5.

[2]

Package natbib Warning: Citation `Post11' on page 3 undefined on input line 137
.

Missing character: There is no ’ in font cmr12!

Package natbib Warning: Citation `Post11' on page 3 undefined on input line 137
.


Package natbib Warning: Citation `Ashnah12' on page 3 undefined on input line 1
37.

Missing character: There is no ’ in font cmr12!

Package natbib Warning: Citation `Post11' on page 3 undefined on input line 138
.


Package natbib Warning: Citation `Post11' on page 3 undefined on input line 141
.


Package natbib Warning: Citation `Ashnah12' on page 3 undefined on input line 1
41.

Missing character: There is no “ in font cmr12!
Missing character: There is no ’ in font cmr12!
Missing character: There is no ’ in font cmr12!
Missing character: There is no ” in font cmr12!

Package natbib Warning: Citation `Post11' on page 3 undefined on input line 143
.


Package natbib Warning: Citation `Post11' on page 3 undefined on input line 145
.


Package natbib Warning: Citation `Post11' on page 3 undefined on input line 145
.


Package natbib Warning: Citation `Post11' on page 3 undefined on input line 145
.


Package natbib Warning: Citation `Ashnah12' on page 3 undefined on input line 1
45.

[3]

Package natbib Warning: Citation `Post11' on page 4 undefined on input line 147
.


Package natbib Warning: Citation `Post11' on page 4 undefined on input line 147
.


Package natbib Warning: Citation `Ashnah12' on page 4 undefined on input line 1
47.


Package natbib Warning: Citation `Nora10' on page 4 undefined on input line 150
.


Package natbib Warning: Citation `Post11' on page 4 undefined on input line 150
.

[4]

Package natbib Warning: Citation `UgandaTel12' on page 5 undefined on input lin
e 152.


Package natbib Warning: Citation `CountryRe12' on page 5 undefined on input lin
e 152.

Missing character: There is no ’ in font cmr12!

Package natbib Warning: Citation `CountryRe12' on page 5 undefined on input lin
e 156.


Package natbib Warning: Citation `UgandaTel12' on page 5 undefined on input lin
e 158.

[5]

Package natbib Warning: Citation `CountryRe12' on page 6 undefined on input lin
e 160.


Package natbib Warning: Citation `Kimberly11' on page 6 undefined on input line
 162.


Package natbib Warning: Citation `Kimberly11' on page 6 undefined on input line
 164.


Package natbib Warning: Citation `Nora10' on page 6 undefined on input line 164
.


Package natbib Warning: Citation `MINISTRYOF12' on page 6 undefined on input li
ne 167.


Package natbib Warning: Citation `Kimberly11' on page 6 undefined on input line
 169.


Package natbib Warning: Citation `Post11' on page 6 undefined on input line 171
.

[6]
Missing character: There is no ’ in font cmr12!


Package natbib Warning: Citation `CountryRe12' on page 7 undefined on input lin
e 174.


Package natbib Warning: Citation `UgandaTel12' on page 7 undefined on input lin
e 176.


Package natbib Warning: Citation `UgandaTel12' on page 7 undefined on input lin
e 179.

Missing character: There is no ’ in font cmr12!
Missing character: There is no ’ in font cmr12!
Missing character: There is no ’ in font cmr12!

Package natbib Warning: Citation `Rikke10' on page 7 undefined on input line 18
1.

[7]
Missing character: There is no ’ in font cmr12!
Missing character: There is no “ in font cmr12!
Missing character: There is no ” in font cmr12!
Missing character: There is no ’ in font cmr12!
Missing character: There is no “ in font cmr12!
Missing character: There is no ” in font cmr12!
Missing character: There is no ’ in font cmr12!
Missing character: There is no “ in font cmr12!
Missing character: There is no ” in font cmr12!


Package natbib Warning: Citation `Post11' on page 8 undefined on input line 184
.

Missing character: There is no – in font cmr12!
Missing character: There is no – in font cmr12!
Missing character: There is no “ in font cmr12!
Missing character: There is no ” in font cmr12!

Package natbib Warning: Citation `Post11' on page 8 undefined on input line 187
.


Package natbib Warning: Citation `Nora10' on page 8 undefined on input line 187
.


Package natbib Warning: Citation `Orange13' on page 8 undefined on input line 1
92.

[8]

Package natbib Warning: Citation `Orange13' on page 9 undefined on input line 1
94.


Package natbib Warning: Citation `Warid13' on page 9 undefined on input line 19
6.


Package natbib Warning: Citation `Warid13' on page 9 undefined on input line 19
8.


Package natbib Warning: Citation `Airtel13' on page 9 undefined on input line 2
00.


Package natbib Warning: Citation `Airtel13' on page 9 undefined on input line 2
02.


Package natbib Warning: Citation `utl13' on page 9 undefined on input line 204.


[9]

Package natbib Warning: Citation `utl13' on page 10 undefined on input line 207
.


Package natbib Warning: Citation `MTN13' on page 10 undefined on input line 209
.


Package natbib Warning: Citation `Post11' on page 10 undefined on input line 21
2.


Package natbib Warning: Citation `UGANDA11' on page 10 undefined on input line 
212.


Package natbib Warning: Citation `Ashnah12' on page 10 undefined on input line 
215.

Missing character: There is no ‘ in font cmr12!
Missing character: There is no ’ in font cmr12!
Missing character: There is no ‘ in font cmr12!
Missing character: There is no ’ in font cmr12!
Missing character: There is no ’ in font cmr12!
Missing character: There is no ‘ in font cmr12!
Missing character: There is no ’ in font cmr12!

Package natbib Warning: Citation `Ashnah12' on page 10 undefined on input line 
217.

[10]

Package natbib Warning: Citation `Ashnah12' on page 11 undefined on input line 
221.


Package natbib Warning: Citation `Breaking09' on page 11 undefined on input lin
e 221.

No file Phd_proposal3_catherine.bbl.

Package natbib Warning: There were undefined citations.

[11] (./Phd_proposal3_catherine.aux) ) 
Here is how much of TeX's memory you used:
 2673 strings out of 493886
 33255 string characters out of 1151099
 87240 words of memory out of 3000000
 5928 multiletter control sequences out of 10000+50000
 5158 words of font info for 19 fonts, out of 3000000 for 5000
 714 hyphenation exceptions out of 8191
 27i,5n,24p,1449b,119s stack positions out of 5000i,500n,10000p,200000b,50000s
</usr/local/texlive/2008/texmf-dist/fonts
/type1/bluesky/cm/cmbx12.pfb></usr/local/texlive/2008/texmf-dist/fonts/type1/bl
uesky/cm/cmr12.pfb>
Output written on Phd_proposal3_catherine.pdf (11 pages, 51467 bytes).
PDF statistics:
 46 PDF objects out of 1000 (max. 8388607)
 0 named destinations out of 1000 (max. 131072)
 1 words of extra memory for PDF output out of 10000 (max. 10000000)

